<?xml version="1.0" encoding="UTF-8"?>
<!-- Generated by org.testng.reporters.JUnitReportReporter -->
<testsuite hostname="ALVEO20" failures="0" tests="2" name="testcases.OpenCartTest" time="0.061" errors="0" timestamp="27 Sep 2022 16:48:33 GMT" skipped="0">
  <testcase classname="testcases.OpenCartTest" name="searchTest" time="0.049"/>
  <testcase classname="testcases.OpenCartTest" name="pageTitleTest" time="0.012"/>
</testsuite> <!-- testcases.OpenCartTest -->
