<?xml version="1.0" encoding="UTF-8"?>
<!-- Generated by org.testng.reporters.JUnitReportReporter -->
<testsuite hostname="ALVEO20" failures="0" tests="3" name="testngsessions.AmazonTest" time="0.236" errors="0" timestamp="26 Sep 2022 17:52:32 GMT" skipped="0">
  <testcase classname="testngsessions.AmazonTest" name="searchTest" time="0.155"/>
  <testcase classname="testngsessions.AmazonTest" name="logoTest" time="0.068"/>
  <testcase classname="testngsessions.AmazonTest" name="pageTitleTest" time="0.013"/>
</testsuite> <!-- testngsessions.AmazonTest -->
