<?xml version="1.0" encoding="UTF-8"?>
<!-- Generated by org.testng.reporters.JUnitReportReporter -->
<testsuite hostname="ALVEO20" failures="0" tests="3" name="testngsessions.TestNGPrac" time="0.018" errors="0" timestamp="28 Sep 2022 11:06:53 GMT" skipped="0">
  <testcase classname="testngsessions.TestNGPrac" name="searchTest" time="0.004"/>
  <testcase classname="testngsessions.TestNGPrac" name="paymentTest" time="0.005"/>
  <testcase classname="testngsessions.TestNGPrac" name="addToCartTest" time="0.009"/>
</testsuite> <!-- testngsessions.TestNGPrac -->
