<?xml version="1.0" encoding="UTF-8"?>
<!-- Generated by org.testng.reporters.JUnitReportReporter -->
<testsuite hostname="ALVEO20" failures="0" tests="3" name="testngsessions.TestNGConcept" time="0.015" errors="0" timestamp="27 Sep 2022 16:09:39 GMT" skipped="0">
  <testcase classname="testngsessions.TestNGConcept" name="searchTest" time="0.003"/>
  <testcase classname="testngsessions.TestNGConcept" name="paymentTest" time="0.002"/>
  <testcase classname="testngsessions.TestNGConcept" name="addToCartTest" time="0.010"/>
</testsuite> <!-- testngsessions.TestNGConcept -->
