<?xml version="1.0" encoding="UTF-8"?>
<!-- Generated by org.testng.reporters.JUnitReportReporter -->
<testsuite hostname="ALVEO20" failures="0" tests="5" name="testngsessions.PriorityConcept" time="0.026" errors="0" timestamp="26 Sep 2022 17:51:10 GMT" skipped="0">
  <testcase classname="testngsessions.PriorityConcept" name="d_test" time="0.014"/>
  <testcase classname="testngsessions.PriorityConcept" name="e_test" time="0.002"/>
  <testcase classname="testngsessions.PriorityConcept" name="a_test" time="0.004"/>
  <testcase classname="testngsessions.PriorityConcept" name="c_test" time="0.003"/>
  <testcase classname="testngsessions.PriorityConcept" name="b_test" time="0.003"/>
</testsuite> <!-- testngsessions.PriorityConcept -->
